[    0.0000] Initializing cgroup subsys puset
[    0.00000] Iniializing grupsubsys cu[    0.000000] Initializig grup subsys pucct
[    0.000000] Linux version 4.4.0-130-generic (buildd@lgw01-amd64-039) (gcc version 5.4.0 20160609 (Ubuntu 5.4.0-6ubuntu116.04.9) ) #156-Ubnt SP Thu Jun 14085328 UTC 2018 (Ubuntu 4.4.0-130.156-generic 4.4.134)
[    0.000000] Command line: BOOT_IMAGE=/boot/vmlnu-44.0-130generic oo=LABEL=cloudimg-rootfs ro console=tty1 console=ttyS0
[    0.000000] KERNEL supported cpus:
[    0.000000]   Intel GenuineIntel
[    0.000000]   AMD AuthenticAMD
[    0.000000]   Centaur CentaurHauls
[    0.000000] x86/fpu: xstate_offset[2]:  576, xstate_sizes[2]:  256
[   0.000000] x86/fpu: Supporting XSAVE feature x01: 'x87flatin poit egsters'
[   .000000] x86/fpu: Supporting XSAVE feature 0x02: 'SSE registers'
[    0.000000] x86/fpu: Supporting XSAVE feature 0x04: 'VXregistes'
[    0.000000] x86/pu: Enabedxsate features 0x7, contextsie is 832 bytes, using stndrd' format.
[   0.00000 x86/fpu: Usig 'eager' FPU context witches.
[    0.000000] e820: BIOS-provided physical RAM map:
[    0.00000] BIOS-e820: [em 0x000000000000000x0000000000fbf] usab
    0.000000]BIS-820: [mem 0x000000000009fc00-0x000000009ffff] reserved
[    0.000000]BIS-e820: [mem 0x00000000000f0000-0x00000000000fffff] reserved
[    0.000000] BIOS-e820: [mem x00000000100000-0x000000003ffeffff] usable
[    0.000000] BIOS-e820: [mem 0x000000003fff0000-0x000000003fffffff] ACPI data
[    0.000000] BIOS-e820: [mem 0x00000000fec00000-0x00000000fec00fff] reserved
[    0.000000] BIOS-e820: [mem 0x00000000fee00000-0x00000000fee00fff] reserved
[    0.000000] BIOS-e820: [mem 0x00000000fffc0000-0x00000000ffffffff] reserved
[    0.000000] NX (Executeisble) protection: actie
[    0.000000] SMBIOS2.5 present.
[    0.000000] Hypervisor detected: KVM
[    0.000000] e820: last_pfn = 0x3fff0 max_arch_pfn = 0x400000000
[    0.000000] MTRR: Disabled
[    0.000000] x86/PAT: MTRRs disabled, skipping PAT initialization too.
[    0.000000] CPU MTRRs all blank - virtualized system.
[    0.000000] x86/PAT: Configuration [0-7]: WB  WT  UC- UC  WB  WT  UC- UC  
[    0.000000] found SMP MP-table at [mem 0x0009fff0-0x0009ffff] mapped at [ffff88000009fff0]
[    0.000000] Scanning 1 areas for low memory corruption
[    0.000000] RAMDISK: [mem 0x36aa4000-0x37549fff]
[    0.000000] ACPI: Early table checksum verification disabled
[    0.000000] ACPI: RSDP 0x00000000000E0000 000024 (v02 VBOX  )
[    0000000] ACPI: XSDT 0x000000003FFF0030 00003C (v01 VBOX   VBOXXSDT 00000001 ASL  00000061)
[    0.000000] ACPI: FACP 0x000000003FFF00F0 0000F4 (v04 VBOX   VBOXFACP 00000001 ASL  00000061)
[    0.000000] ACPI: DSDT 0x000000003FFF0470 0021FF (v02 VBOX   VBOXBIOS 00000002 INTL 20100528)
[    0.000000] ACPI: FACS 0x000000003FFF0200 000040
[    0.000000] ACPI: FACS 0x000000003FFF0200 000040
[    0.000000] ACPI: APIC 0x000000003FFF0240 00005C (v02 VBOX    VBOXAPI 0000001 AL  0000061
    0.00000]ACI: SSDT0x0000003FFF02A0001C (v01 VBOX   VOXPU 00000002 INTL 20100528)
[    0.000000] No NUMA configuration found
[   .00000] Faking a node at [me0x00000000000000-0x000000003ffeffff]
[    0.000000] NODE_DATA(0) allocated [mem 0x3ffeb000-0x3ffeffff]
[    0.000000] kvm-clock: Using msrs 4b564d01 and 4b564d00
[    0.000000] kvm-clock: cpu 0, msr 0:3ffe3001, primary cpu clock
[    0.000000] kvm-clock: using sched offset of 3254840856 cycles
[    0.000000] clocksource: kvm-clock: mask: 0xffffffffffffffff max_cycles: 0x1cd42e4dffb, max_idle_ns: 881590591483 ns
[    0.000000] Zone ranges:
[    0.000000]   DMA      [mem 0x0000000000001000-0x0000000000ffffff]
[    0.000000]   DMA32    [mem 0x0000000001000000-0x00000003ffeffff]
[    0.000000]   Normal   empty
[    0.00000]   Device   empty
[    0.0000] ovable znestrt for each node
[    0.000000] Early memory node ranges
[    0.000000]  ode   0: [mem 0x0000000000001000-00000000009fff]
[    000000]   noe  0 [mem 0x00000000010000-0x0000000fffff]
[   .00000] nime setup nde0 [mem 0x0000000000001000-0x000000003ffeffff]
[    0.0000 ACPI:PMTier IO Port: 0x4008
[    0.000000] IOAPIC[0]:apc_id 2, version 32, address 0xfec00000, GSI 0-23
[    0.000000] ACPI: INT_SRC_OVR (bus 0 bs_irq0 global_ir 2df dfl)
   0000000] ACPI: INT_SRC_OVR (bus 0 bus_irq 9 global_irq 9 low level)
[    0.000000] Using ACPI (MADT) for SMP configuration information
[    0.000000] smpboot: Allowing 2 CPUs, 0 hotplug CPUs
[    0.000000] PM: Registered nosave memory: [mem 0x00000000-0x00000fff]
[    0.000000] PM: Registered nosave memory: [mem 0x0009f000-0x0009ffff]
[    0.000000] PM: Registered nosave memoy:[mm 0x00a000-0x00effff]
[    0.000000] PM:Registeed nosave memor [em 0x000f00-0x000ffff]
   0.000000] e820: [mem0x40000000xebfffff] available for PCI devies
[   .00000] Bootin pravirtualze kernel o KM
[    00000] clocksourc: efned-jifie: ask: 0xfffff max_cyces 0ffffffff, max_dl_n: 7645519600211568 s[    0.0000]setup_percp N_CPUS:51nrcpumask_bits:512 nr_cpu_ids:2 nr_node_ids:1
[    0.000000] PERCPU: Embedded 34 pages/cpu @ffff88003fc00000 s99544 r8192 d31528 u1048576
[    0.000000] PV qspinlock hash table entries: 256 (order: 0, 4096 bytes)
[    0.000000] Built 1 zonelists in Node order, mobility grouping on.  Total pages: 257912
[    0.000000] Policy zone: DMA
[    0.000000] Kernel comman lne: BOOT_IMAGE=/boot/vmlinuz-4.4.0-130-generic root=LABEL=cloudimg-rootfs ro conol=tty1 consol=tyS0
[    0.00000] PI hshtable entries: 4096 order: 3, 32768 bytes)
[   .000000] Memor: 00612K/1048120K available (8546K krnl ode, 133Krwata, 00 rodata, 1516K int,1316K bs, 658K reserd,0K cma-rered)
[    0.000000] SLUB: HWaign=6, Orde0-, MinObects0,CPUs=2, Noes1
[    0.00000 Krnel/Uerpae tables isolation: enabled
[    0000000] Hierarchical RCU implementation.
[    .000000] 	Bild-time adjsten of leaf fanout to 64.
[   .000000 	CUrestrictig PU from NRPU=512 to nr_cpu_id=2
[    0.000000] RCU: Adjusting geometry for rcu_fanout_leaf=64, nr_cpu_ids=2
[    0.000000] NR_IRQS:33024 nr_irq:40 6
[    0.000000] Consol: olur VGA+8025
[    0.000000] cnsole[ty1] enabed
[   0.0000] onsole [ttyS0] enbld
[    0.000000] tsc: Detected 1599.999 MHz processo
[    6.522236] Calibrating delay loop (skipped) preset value.. 3199.99 BogoMIPS (lpj=6399996)
[    6.582920] pid_max: default: 32768 minimum: 301
[    6.594976] ACPI: Core revision 20150930
[    6.597232] ACPI: 2 ACPI AML tables successfully acquired and loaded
[    6.598991] Security Framework initialized
[    6.600104] Yama: becoming mindful.
[    6.601085] AppArmor: AppArmor initialized
[    6.610090] Dentry cache hash table entries: 131072 (order: 8, 1048576 bytes)
[    6.632994] Inode-cache hash table entries: 65536 (order: 7, 524288 bytes)
[    6.658925] Mount-cache hash table entries: 2048 (order: 2, 16384 bytes)
[    6.707293] Mountpoint-cache hash table entries: 2048 (order: 2, 16384 bytes)
[    6.743786] Initializing cgroup subsys io
[    6.759763] Initializing cgroup subsys memory
[    6.782772] Initializing cgroup subsys devices
[    6.802739] Initializing cgroup subsys freezer
[    6.818745] Initializing cgroup subsys net_cls
[    6.820144] Initializing cgroup subsys perf_event
[    6.826122] Initializing cgroup subsys net_prio
[    6.827635] Initializing cgroup subsys hugetlb
[    6.828941] Initializing cgroup subsys pids
[    6.830265] CPU: Physical Processor ID: 0
[    6.831454] CPU: Processor Core ID: 0
[    6.833698] mce: CPU supports 0 MCE banks
[    6.834974] Last level iTLB entries: 4KB 64, 2MB 8, 4MB 8
[    6.836845] Last level dTLB entries: 4KB 64, 2MB 0, 4MB 0, 1GB 4
[    6.845617] Spectre V2 : Mitigation: Full generic retpoline
[    6.854514] Spectre V2 : Speculation control IBPB not-supported IBRS not-supported
[    6.867930] Speculative Store Bypass: Vulnerable
[    6.879410] Freeing SMP alternatives memory: 32K
[    6.897513] ftrace: allocating 32245 entries in 126 pages
[    6.977615] smpboot: APIC(0) Converting physical 0 to logical package 0
[    7.022039] smpboot: Max logical packages: 1
[    7.062123] x2apic enabled
[    7.067075] Switched APIC routing to physical x2apic.
[    7.072445] ..TIMER: vector=0x30 apic1=0 pin1=2 apic2=-1 pin2=-1
[    7.225341] smpboot: CPU0: Intel(R) Core(TM) i5-5250U CPU @ 1.60GHz (family: 0x6, model: 0x3d, stepping: 0x4)
[    7.282435] Performance Events: unsupported p6 CPU model 61 no PMU driver, software events only.
[    7.331227] KVM setup paravirtual spinlock
[    7.373727] x86: Booting SMP configuration:
[    7.394864] .... node  #0, CPUs:      #1
[    7.426374] kvm-clock: cpu 1, msr 0:3ffe3041, secondary cpu clock
[    7.428372] mce: CPU supports 0 MCE banks
[    7.431043] x86: Booted up 1 node, 2 CPUs
[    7.442621] smpboot: Total of 2 processors activated (6399.99 BogoMIPS)
[    7.480368] devtmpfs: initialized
[    7.493109] evm: security.selinux
[    7.506914] evm: security.SMACK64
[    7.518248] evm: security.SMACK64EXEC
[    7.525069] evm: security.SMACK64TRANSMUTE
[    7.531725] evm: security.SMACK64MMAP
[    7.542234] evm: security.ima
[    7.552371] evm: security.capability
[    7.572025] clocksource: jiffies: mask: 0xffffffff max_cycles: 0xffffffff, max_idle_ns: 7645041785100000 ns
[    7.616511] futex hash table entries: 512 (order: 3, 32768 bytes)
[    7.636342] pinctrl core: initialized pinctrl subsystem
[    7.638276] RTC time: 14:03:17, date: 07/31/18
[    7.650376] NET: Registered protocol family 16
[    7.682849] cpuidle: using governor ladder
[    7.706798] cpuidle: using governor menu
[    7.718274] PCCT header not found.
[    7.739934] ACPI: bus type PCI registered
[    7.763848] acpiphp: ACPI Hot Plug PCI Controller Driver version: 0.5
[    7.775681] PCI: Using configuration type 1 for base access
[    7.816230] ACPI: Added _OSI(Module Device)
[    7.824205] ACPI: Added _OSI(Processor Device)
[    7.840622] ACPI: Added _OSI(3.0 _SCP Extensions)
[    7.841860] ACPI: Added _OSI(Processor Aggregator Device)
[    7.860537] ACPI: Executed 1 blocks of module-level executable AML code
[    7.878858] ACPI: Interpreter enabled
[    7.886944] ACPI: (supports S0 S5)
[    7.902615] ACPI: Using IOAPIC for interrupt routing
[    7.924395] PCI: Using host bridge windows from ACPI; if necessary, use "pci=nocrs" and report a bug
[    7.942684] ACPI: PCI Root Bridge [PCI0] (domain 0000 [bus 00-ff])
[    7.944437] acpi PNP0A03:00: _OSC: OS supports [ASPM ClockPM Segments MSI]
[    7.946284] acpi PNP0A03:00: _OSC: not requesting OS control; OS requires [ExtendedConfig ASPM ClockPM MSI]
[    7.948957] acpi PNP0A03:00: fail to add MMCONFIG information, can't access extended PCI configuration space under this bridge.
[    7.952612] PCI host bridge to bus 0000:00
[    7.953868] pci_bus 0000:00: root bus resource [io  0x0000-0x0cf7 window]
[    7.961460] pci_bus 0000:00: root bus resource [io  0x0d00-0xffff window]
[    7.966771] pci_bus 0000:00: root bus resource [mem 0x000a0000-0x000bffff window]
[    7.971389] pci_bus 0000:00: root bus resource [mem 0x40000000-0xfdffffff window]
[    7.980431] pci_bus 0000:00: root bus resource [bus 00-ff]
[    7.987366] pci 0000:00:01.1: legacy IDE quirk: reg 0x10: [io  0x01f0-0x01f7]
[    7.993202] pci 0000:00:01.1: legacy IDE quirk: reg 0x14: [io  0x03f6]
[    8.009592] pci 0000:00:01.1: legacy IDE quirk: reg 0x18: [io  0x0170-0x0177]
[    8.032529] pci 0000:00:01.1: legacy IDE quirk: reg 0x1c: [io  0x0376]
[    8.078961] pci 0000:00:07.0: quirk: [io  0x4000-0x403f] claimed by PIIX4 ACPI
[    8.115103] pci 0000:00:07.0: quirk: [io  0x4100-0x410f] claimed by PIIX4 SMB
[    8.150973] ACPI: PCI Interrupt Link [LNKA] (IRQs 5 9 10 *11)
[    8.176923] ACPI: PCI Interrupt Link [LNKB] (IRQs 5 9 *10 11)
[    8.202774] ACPI: PCI Interrupt Link [LNKC] (IRQs 5 *9 10 11)
[    8.232279] ACPI: PCI Interrupt Link [LNKD] (IRQs 5 9 10 *11)
[    8.260624] ACPI: Enabled 2 GPEs in block 00 to 07
[    8.275336] vgaarb: setting as boot device: PCI:0000:00:02.0
[    8.279345] vgaarb: device added: PCI:0000:00:02.0,decodes=io+mem,owns=io+mem,locks=none
[    8.284104] vgaarb: loaded
[    8.298757] vgaarb: bridge control possible 0000:00:02.0
[    8.300866] SCSI subsystem initialized
[    8.308340] ACPI: bus type USB registered
[    8.312549] usbcore: registered new interface driver usbfs
[    8.314356] usbcore: registered new interface driver hub
[    8.324958] usbcore: registered new device driver usb
[    8.340253] PCI: Using ACPI for IRQ routing
[    8.347310] NetLabel: Initializing
[    8.359278] NetLabel:  domain hash size = 128
[    8.368626] NetLabel:  protocols = UNLABELED CIPSOv4
[    8.370045] NetLabel:  unlabeled traffic allowed by default
[    8.372008] amd_nb: Cannot enumerate AMD northbridges
[    8.373431] clocksource: Switched to clocksource kvm-clock
[    8.397611] AppArmor: AppArmor Filesystem Enabled
[   804722] pnp PP ACPI init
[  84563 pp: PnP ACI:fond3 evces

[   .9350]clcksource: acpi_pm: mask: 0xffffff max_cycles: 0xffffff, max_idle_ns: 2085701024 ns
[    9.065739] NET: Registered protocolfail 2

[    9.9954 TP established hsh tbl etres 892(ode: , 556 yts)
[    9.726387] TCP bind hash table entries: 8192 (order: 5, 131072 bytes)
[    9.737236] TCP: Hash tables configured (established 8192 bind 8192)
[    9.738809] UDP hash table entries: 512 (order: 2, 16384 bytes)
[    9.740255] UDP-Lite hshtaleenris:51 (rdr:2,16384byes
   10.141525] NET: Registered protocol family 1
[   10.172475] pci 0000:00:00.0: Limiting direct PCI/PCI transfers
[   10.174095] pci 0000:00:01.0: Activating ISA DMA hang workarounds
[   10.175877] Unpacking initramfs...

[ 12262932] Freeing initrd memory: 10904K

[   12.343278] RAPL PMU detected, API unit is 2^-32 Joules, 4 fixed counters 10737418240 ms ovfl timer
[  12.346040]hw unit of domain pp0-core 2^-0 Joules

[   12.422578] hw unit of domain package 2^-0 Joules
[   12.495939] hw unit of domain dram 2^-0 Joules
[   12.519020] hw unit of domain pp1-gpu 2^-0 Joules
[   12.530377] platform rtc_cmos: registered platform RTC device (no PNP device found)
[   12.553791] Scanning for low memory corruption every 60 seconds
[   12.555857] audit: initializing netlink subsys (disabled)
[   12.615614] audit: type=2000 audit(1533045799.516:1): initialized
[   12.621220] Initialise system trusted keyring
[   12.643860] HugeTLB registered 2 MB page size, pre-allocated 0 pages
[   12.667745] zbud: loaded
[   12.669645] VFS: Disk quotas dquot_6.6.0
[   12.687456] VFS: Dquot-cache hash table entries: 512 (order 0, 4096 bytes)
[   12.689378] squashfs: version 4.0 (2009/01/31) Phillip Lougher
[   12.691311] fuse init (API version 7.23)
[   12.720461] Key type big_key registered
[   12.737654] Allocating IMA MOK and blacklist keyrings.
[   12.742528] Key type asymmetric registered
[   12.743508] Asymmetric key parser 'x509' registered
[   12.744617] Block layer SCSI generic (bsg) driver version 0.4 loaded (major 249)
[   12.749182] io scheduler noop registered
[   12.753870] io scheduler deadline registered (default)
[   12.783386] io scheduler cfq registered
[   12.801957] pci_hotplug: PCI Hot Plug PCI Core version: 0.5
[   12.806777] pciehp: PCI Express Hot Plug Controller Driver version: 0.4
[   12.883792] ACPI: AC Adapter [AC] (off-line)
[   12.904393] input: Power Button as /devices/LNXSYSTM:00/LNXPWRBN:00/input/input0
[   12.987821] ACPI: Power Button [PWRF]
[   13.004175] input: Sleep Button as /devices/LNXSYSTM:00/LNXSLPBN:00/input/input1
[   13.103317] ACPI: Sleep Button [SLPF]
[   13.142160] ACPI: Battery Slot [BAT0] (battery present)
[   13.193445] GHES: HEST is not enabled!
[   13.233101] Serial: 8250/16550 driver, 32 ports, IRQ sharing enabled
ÿ[   13.335204] 00:02: ttyS0 at I/O 0x3f8 (irq = 4, base_baud = 115200) is a 16550A
[   13.423449] Linux agpgart interface v0.103
[   13.427076] loop: module loaded
[   13.453518] scsi host0: ata_piix
[   13.473388] scsi host1: ata_piix
[   13.483408] ata1: PATA max UDMA/33 cmd 0x1f0 ctl 0x3f6 bmdma 0xd000 irq 14
[   13.533693] ata2: PATA max UDMA/33 cmd 0x170 ctl 0x376 bmdma 0xd008 irq 15
[   13.535515] tsc: Refined TSC clocksource calibration: 1599.577 MHz
[   13.539822] clocksource: tsc: mask: 0xffffffffffffffff max_cycles: 0x170e95606b2, max_idle_ns: 440795255728 ns
[   13.540052] libphy: Fixed MDIO Bus: probed
[   13.540055] tun: Universal TUN/TAP device driver, 1.6
[   13.540056] tun: (C) 1999-2004 Max Krasnyansky <maxk@qualcomm.com>
[   13.573126] PPP generic driver version 2.4.2
[   13.580470] ehci_hcd: USB 2.0 'Enhanced' Host Controller (EHCI) Driver
[   13.596176] ehci-pci: EHCI PCI platform driver
[   13.610534] ehci-platform: EHCI generic platform driver
[   13.618197] ohci_hcd UB .1'Open' Host ntolr OHI)Drve
  139919] hc-pi:OHI CIpltfrmdrve
[   14.44954 ociplatform: OHCI generic platform driver
[   14.557629] uhci_hcd: USB Universal Host Controller Interface driver
[   14.575275] i8042: PNP: PS/2 Controller [PNP0303:PS2K,PNP0f03:PS2M] at 0x60,0x64 irq 1,12
[   14.603416] serio: i8042 KBD port at 0x60,0x64 irq 1
[   14.604689] serio: i8042 AUX port at 0x60,0x64 irq 12
[   14.632961] mousedev: PS/2 mouse device common for all mice
[   14.655245] input: AT Translated Set 2 keyboard as /devices/platform/i8042/serio0/input/input2
[   14.661932] rtc_cmos rtc_cmos: rtc core: registered rtc_cmos as rtc0
[   14.662029] rtc_cmos rtc_cmos: alarms up to one day, 114 bytes nvram
[   14.662041] i2c /dev entries driver
[   14.662126] device-mapper: uevent: version 1.0.3
[   14.662215] device-mapper: ioctl: 4.34.0-ioctl (2015-10-28) initialised: dm-devel@redhat.com
[   14.662240] ledtrig-cpu: registered to indicate activity on CPUs
[   14.662651] NET: Registered protocol family 10
[   14.662855] NET: Registered protocol family 17
[   14.662867] Key type dns_resolver registered
[   14.663200] registered taskstats version 1
[   14.663225] Loading compiled-in X.509 certificates
[   14.664255] Loaded X.509 cert 'Build time autogenerated kernel key: b3e0fe4bcd6378c38a2c0a4648abbc1fa5043a22'
[   14.664284] zswap: loaded using pool lzo/zbud
[   14.671973] Key type trusted registered
[   14.676522] Key type encrypted registered
[   14.676531] AppArmor: AppArmor sha1 policy hashing enabled
[   14.676535] ima: No TPM chip found, activating TPM-bypass!
[   14.676540] ima: Allocated hash algorithm: sha1
[   14.676557] evm: HMAC attrs: 0x1
[   14.676879]   Magic number: 10:334:82
[   14.739474] rtc_cmos rtc_cmos: setting system clock to 2018-07-31 14:03:24 UTC (1533045804)
[   14.739635] BIOS EDD facility v0.16 2004-Jun-25, 0 devices found
[   14.739636] EDD information not available.
[   15.194542] Freeing unused kernel memory: 1516K
[   15.237921] Write protecting the kernel read-only data: 14336k
[   15.279663] Freeing unused kernel memory: 1680K
[   15.312295] Freeing unused kernel memory: 96K
Loading, please wait...
starting version 229
[   15.344442] random: systemd-udevd: uninitialized urandom read (16 bytes read, 5 bits of entropy available)
[   15.345090] random: udevadm: uninitialized urandom read (16 bytes read, 5 bits of entropy available)
[   15.345117] random: udevadm: uninitialized urandom read (16 bytes read, 5 bits of entropy available)
[   15.352207] random: systemd-udevd: uninitialized urandom read (16 bytes read, 5 bits of entropy available)
[   15.380293] random: systemd-udevd: uninitialized urandom read (16 bytes read, 5 bits of entropy available)
[   15.382011] random: udevadm: uninitialized urandom read (16 bytes read, 5 bits of entropy available)
[   15.382070] random: udevadm: uninitialized urandom read (16 bytes read, 5 bits of entropy available)
[   15.382247] random: udevadm: uninitialized urandom read (16 bytes read, 5 bits of entropy available)
[   15.382312] random: udevadm: uninitialized urandom read (16 bytes read, 5 bits of entropy available)
[   15.382376] random: udevadm: uninitialized urandom read (16 bytes read, 5 bits of entropy available)
[   15.433193] e1000: Intel(R) PRO/1000 Network Driver - version 7.3.21-k8-NAPI
[   15.439627] e1000: Copyright (c) 1999-2006 Intel Corporation.
[   15.441472] Fusion MPT base driver 3.04.20
[   15.442941] Copyright (c) 1999-2008 LSI Corporation
[   15.474796] Fusion MPT SPI Host driver 3.04.20
[   15.482425] AVX2 version of gcm_enc/dec engaged.
[   15.484095] AES CTR mode by8 optimization enabled
[   15.674653] input: ImExPS/2 Generic Explorer Mouse as /devices/platform/i8042/serio1/input/input4
[   15.819319] e1000 0000:00:03.0 eth0: (PCI:33MHz:32-bit) 02:c5:fa:e6:4f:6d
[   15.843171] e1000 0000:00:03.0 eth0: Intel(R) PRO/1000 Network Connection
[   16.516132] e1000 0000:00:08.0 eth1: (PCI:33MHz:32-bit) 08:00:27:ad:40:e0
[   16.550615] e1000 0000:00:08.0 eth1: Intel(R) PRO/1000 Network Connection
[   16.577215] mptbase: ioc0: Initiating bringup
[   16.620212] e1000 0000:00:08.0 enp0s8: renamed from eth1
[   16.634162] e1000 0000:00:03.0 enp0s3: renamed from eth0
[   16.695082] ioc0: LSI53C1030 A0: Capabilities={Initiator}
[   16.909305] scsi host2: ioc0: LSI53C1030 A0, FwRev=00000000h, Ports=1, MaxQ=256, IRQ=20
[   17.023443] scsi 2:0:0:0: Direct-Access     VBOX     HARDDISK         1.0  PQ: 0 ANSI: 5
[   17.088002] scsi target2:0:0: Beginning Domain Validation
[   17.128894] scsi target2:0:0: Domain Validation skipping write tests
[   17.130269] scsi target2:0:0: Ending Domain Validation
[   17.186103] scsi target2:0:0: asynchronous
[   17.226844] scsi 2:0:1:0: Direct-Access     VBOX     HARDDISK         1.0  PQ: 0 ANSI: 5
[   17.264379] scsi target2:0:1: Beginning Domain Validation
[   17.317391] scsi target2:0:1: Domain Validation skipping write tests
[   17.318712] scsi target2:0:1: Ending Domain Validation
[   17.319914] scsi target2:0:1: asynchronous
[   17.328324] sd 2:0:0:0: Attached scsi generic sg0 type 0
[   17.329560] sd 2:0:0:0: [sda] 20971520 512-byte logical blocks: (10.7 GB/10.0 GiB)
[   17.331656] sd 2:0:0:0: [sda] Write Protect is off
[   17.342595] sd 2:0:1:0: [sdb] 20480 512-byte logical blocks: (10.5 MB/10.0 MiB)
[   17.342936] sd 2:0:1:0: [sdb] Write Protect is off
[   17.343085] sd 2:0:1:0: [sdb] Incomplete mode parameter data
[   17.343086] sd 2:0:1:0: [sdb] Assuming drive cache: write through
[   17.433857] sd 2:0:1:0: Attached scsi generic sg1 type 0
[   17.436058] sd 2:0:1:0: [sdb] Attached SCSI disk
[   17.484000] sd 2:0:0:0: [sda] Incomplete mode parameter data
[   17.522501] sd 2:0:0:0: [sda] Assuming drive cache: write through
[   17.560251]  sda: sda1
[   17.570904] sd 2:0:0:0: [sda] Attached SCSI disk
Begin: Loading e[   18.978890] md: linear personality registered for level -1
ssential drivers ... [   18.994905] md: multipath personality registered for level -4
[   19.013742] md: raid0 personality registered for level 0
[   19.034312] md: raid1 personality registered for level 1
[   19.117625] raid6: sse2x1   gen()  7909 MB/s
[   19.185544] raid6: sse2x1   xor()  3329 MB/s
[   19.269674] raid6: sse2x2   gen()  8289 MB/s
[   19.365705] raid6: sse2x2   xor()  6200 MB/s
[   19.441968] raid6: sse2x4   gen() 11829 MB/s
[   19.517678] raid6: sse2x4   xor()  7829 MB/s
[   19.597645] raid6: avx2x1   gen() 14534 MB/s
[   19.693661] raid6: avx2x2   gen() 14351 MB/s
[   19.769691] raid6: avx2x4   gen() 19562 MB/s
[   19.774822] raid6: using algorithm avx2x4 gen() 19562 MB/s
[   19.807381] raid6: using avx2x2 recovery algorithm
[   19.834633] xor: automatically using best checksumming function:
[   19.897433]    avx       : 20956.000 MB/sec
[   19.910315] async_tx: api initialized (async)
[   19.922253] md: raid6 personality registered for level 6
[   19.924020] md: raid5 personality registered for level 5
[   19.925738] md: raid4 personality registered for level 4
[   19.933739] md: raid10 personality registered for level 10
done.
Begin: Running /scripts/init-premount ... done.
Begin: Mounting root file system ... Begin: Running /scripts/local-top ... done.
Begin: Running /scripts/local-premount ... [   19.969579] Btrfs loaded
Scanning for Btrfs filesystems
done.
Warning: fsck not present, so skipping root file system
[   20.005831] EXT4-fs (sda1): mounted filesystem with ordered data mode. Opts: (null)
done.
Begin: Running /scripts/local-bottom ... done.
Begin: Running /scripts/init-bottom ... done.
[   20.094807] systemd[1]: systemd 229 running in system mode. (+PAM +AUDIT +SELINUX +IMA +APPARMOR +SMACK +SYSVINIT +UTMP +LIBCRYPTSETUP +GCRYPT +GNUTLS +ACL +XZ -LZ4 +SECCOMP +BLKID +ELFUTILS +KMOD -IDN)
[   20.208498] systemd[1]: Detected virtualization oracle.
[   20.215280] systemd[1]: Detected architecture x86-64.

Welcome to [1mUbuntu 16.04.4 LTS[0m!

[   20.238418] systemd[1]: Set hostname to <ubuntu>.
[   20.242880] systemd[1]: Initializing machine ID from random generator.
[   20.244739] systemd[1]: Installed transient /etc/machine-id file.
[   20.395022] systemd[1]: Set up automount Arbitrary Executable File Formats File System Automount Point.
[[0;32m  OK  [0m] Set up automount Arbitrary Executab...ats File System Automount Point.
[   20.422610] systemd[1]: Listening on LVM2 poll daemon socket.
[[0;32m  OK  [0m] Listening on LVM2 poll daemon socket.
[   20.490158] systemd[1]: Listening on Syslog Socket.
[[0;32m  OK  [0m] Listening on Syslog Socket.
[   20.557848] systemd[1]: Reached target Encrypted Volumes.
[[0;32m  OK  [0m] Reached target Encrypted Volumes.
[   20.630020] systemd[1]: Listening on Device-mapper event daemon FIFOs.
[[0;32m  OK  [0m] Listening on Device-mapper event daemon FIFOs.
[   20.675322] systemd[1]: Reached target User and Group Name Lookups.
[[0;32m  OK  [0m] Reached target User and Group Name Lookups.
[   20.731592] systemd[1]: Listening on /dev/initctl Compatibility Named Pipe.
[[0;32m  OK  [0m] Listening on /dev/initctl Compatibility Named Pipe.
[   20.826034] systemd[1]: Listening on udev Kernel Socket.
[[0;32m  OK  [0m] Listening on udev Kernel Socket.
[   20.904284] systemd[1]: Listening on udev Control Socket.
[[0;32m  OK  [0m] Listening on udev Control Socket.
[   20.986085] systemd[1]: Reached target Swap.
[[0;32m  OK  [0m] Reached target Swap.
[   21.062123] systemd[1]: Listening on LVM2 metadata daemon socket.
[[0;32m  OK  [0m] Listening on LVM2 metadata daemon socket.
[   21.158042] systemd[1]: Listening on Journal Audit Socket.
[[0;32m  OK  [0m] Listening on Journal Audit Socket.
[   21.238794] systemd[1]: Created slice User and Session Slice.
[[0;32m  OK  [0m] Created slice User and Session Slice.
[   21.362775] systemd[1]: Listening on Journal Socket (/dev/log).
[[0;32m  OK  [0m] Listening on Journal Socket (/dev/log).
[   21.370672] systemd[1]: Started Trigger resolvconf update for networkd DNS.
[[0;32m  OK  [0m] Started Trigger resolvconf update for networkd DNS.
[   21.377407] systemd[1]: Created slice System Slice.
[[0;32m  OK  [0m] Created slice System Slice.
[   21.380562] systemd[1]: Started Forward Password Requests to Wall Directory Watch.
[[0;32m  OK  [0m] Started Forward Password Requests to Wall Directory Watch.
[   21.384926] systemd[1]: Reached target Slices.
[[0;32m  OK  [0m] Reached target Slices.
[   21.388608] systemd[1]: Created slice system-serial\x2dgetty.slice.
[[0;32m  OK  [0m] Created slice system-serial\x2dgetty.slice.
[   21.416160] systemd[1]: Reached target System Time Synchronized.
[[0;32m  OK  [0m] Reached target System Time Synchronized.
[   21.439711] systemd[1]: Listening on Journal Socket.
[[0;32m  OK  [0m] Listening on Journal Socket.
[   21.470314] systemd[1]: Mounting Huge Pages File System...
         Mounting Huge Pages File System...
[   21.518387] systemd[1]: Starting Journal Service...
         Starting Journal Service...
[   21.562201] systemd[1]: Starting Uncomplicated firewall...
[   21.562830] random: nonblocking pool is initialized
         Starting Uncomplicated firewall...
[   21.586677] systemd[1]: Starting Set console keymap...
         Starting Set console keymap...
[   21.635490] systemd[1]: Starting Remount Root and Kernel File Systems...
         Starting Remount Root and Kernel File Systems...
[   21.640493] EXT4-fs (sda1): re-mounted. Opts: (null)
[   21.646500] systemd[1]: Mounting POSIX Message Queue File System...
         Mounting POSIX Message Queue File System...
[   21.653428] systemd[1]: Starting Create list of required static device nodes for the current kernel...
         Starting Create list of required st... nodes for the current kernel...
[   21.658904] systemd[1]: Starting Nameserver information manager...
         Starting Nameserver information manager...
[   21.664789] systemd[1]: Starting Monitoring of LVM2 mirrors, snapshots etc. using dmeventd or progress polling...
         Starting Monitoring of LVM2 mirrors... dmeventd or progress polling...
[   21.678554] systemd[1]: Mounting Debug File System...
         Mounting Debug File System...
[   21.683668] systemd[1]: Starting Load Kernel Modules...
         Starting Load Kernel Modules...
[   21.690098] systemd[1]: Mounted POSIX Message Queue File System.
[   21.704290] Loading iSCSI transport class v2.0-870.
[[0;32m  OK  [0m] Mounted POSIX Message Queue File System.
[   21.733221] systemd[1]: Mounted Huge Pages File System.
[[0;32m  OK  [0m] Mounted Huge Pages File System.
[   21.736786] systemd[1]: Mounted Debug File System.
[   21.738407] iscsi: registered transport (tcp)
[[0;32m  OK  [0m] Mounted Debug File System.
[   21.774586] systemd[1]: Started Journal Service.
[[0;32m  OK  [0m] Started Journ[   21.794930] iscsi: registered transport (iser)
al Service.
[[0;32m  OK  [0m] Started Uncomplicated firewall.
[[0;32m  OK  [0m] Started Set console keymap.
[[0;32m  OK  [0m] Started Remount Root and Kernel File Systems.
[[0;32m  OK  [0m] Started Create list of required sta...ce nodes for the current kernel.
[[0;32m  OK  [0m] Started Load Kernel Modules.
[[0;32m  OK  [0m] Started Nameserver information manager.
[[0;32m  OK  [0m] Started LVM2 metadata daemon.
         Mounting FUSE Control File System...
         Starting Apply Kernel Variables...
         Starting Create Static Device Nodes in /dev...
         Starting Load/Save Random Seed...
         Starting udev Coldplug all Devices...
         Starting Flush Journal to Persistent Storage...
[[0;32m  OK  [0m] Mounted FUSE Control File System.
[[0;32m  OK  [0m] Started Apply Kernel Variables.
[[0;32m  OK  [0m] Started Create Static Device Nodes in /dev.
[[0;32m  OK  [0m] Started Load/Save Random Seed.
[[0;32m  OK  [0m] Started udev Coldplug all Devices.
[[0;32m  OK  [0m] Started Flush Journal to Persistent Storage.
[[0;32m  OK  [0m] Started Monitoring of LVM2 mirrors,...ng dmeventd or progress polling.
         Starting udev Kernel Device Manager...
[[0;32m  OK  [0m] Started udev Kernel Device Manager.
[[0;32m  OK  [0m] Started Dispatch Password Requests to Console Directory Watch.
[[0;32m  OK  [0m] Reached target Local File Systems (Pre).
[[0;32m  OK  [0m] Reached target Local File Systems.
         Starting Create Volatile Files and Directories...
         Starting Set console font and keymap...
         Starting LSB: AppArmor initialization...
         Starting Tell Plymouth To Write Out Runtime Data...
         Starting Initial cloud-init job (pre-networking)...
         Starting Commit a transient machine-id on disk...
[[0;32m  OK  [0m] Started Create Volatile Files and Directories.
[[0;32m  OK  [0m] Started Tell Plymouth To Write Out Runtime Data.
[[0;32m  OK  [0m] Started Commit a transient machine-id on disk.
         Starting Update UTMP about System Boot/Shutdown...
[[0;32m  OK  [0m] Started Update UTMP about System Boot/Shutdown.
[[0;32m  OK  [0m] Found device /dev/ttyS0.
[[0;32m  OK  [0m] Listening on Load/Save RF Kill Switch Status /dev/rfkill Watch.
[[0;32m  OK  [0m] Started Set console font and keymap.
[   16.097123] cloud-init[495]: Cloud-init v. 18.2 running 'init-local' at Tue, 31 Jul 2018 14:03:33 +0000. Up 15.59 seconds.
[[0;32m  OK  [0m] Started Initial cloud-init job (pre-networking).
[[0;32m  OK  [0m] Started LSB: AppArmor initialization.
[[0;32m  OK  [0m] Reached target Network (Pre).
         Starting Raise network interfaces...
[[0;32m  OK  [0m] Created slice system-getty.slice.
[[0;32m  OK  [0m] Started Raise network interfaces.
[[0;32m  OK  [0m] Reached target Network.
         Starting Initial cloud-init job (metadata service crawler)...
[   17.677888] cloud-init[961]: Cloud-init v. 18.2 running 'init' at Tue, 31 Jul 2018 14:03:34 +0000. Up 16.96 seconds.
[   17.701421] cloud-init[961]: ci-info: ++++++++++++++++++++++++++++++++++++++Net device info++++++++++++++++++++++++++++++++++++++
[   17.705133] cloud-init[961]: ci-info: +--------+-------+----------------------------+---------------+-------+-------------------+
[   17.781266] cloud-init[961]: ci-info: | Device |   Up  |          Address           |      Mask     | Scope |     Hw-Address    |
[   17.781759] cloud-init[961]: ci-info: +--------+-------+----------------------------+---------------+-------+-------------------+
[   17.782179] cloud-init[961]: ci-info: | enp0s3 |  True |         10.0.2.15          | 255.255.255.0 |   .   | 02:c5:fa:e6:4f:6d |
[   17.782564] cloud-init[961]: ci-info: | enp0s3 |  True | fe80::c5:faff:fee6:4f6d/64 |       .       |  link | 02:c5:fa:e6:4f:6d |
[   17.782869] cloud-init[961]: ci-info: | enp0s8 | False |             .              |       .       |   .   | 08:00:27:ad:40:e0 |
[   17.783171] cloud-init[961]: ci-info: |   lo   |  True |         127.0.0.1          |   255.0.0.0   |   .   |         .         |
[   17.783475] cloud-init[961]: ci-info: |   lo   |  True |          ::1/128           |       .       |  host |         .         |
[   17.783783] cloud-init[961]: ci-info: +--------+-------+----------------------------+---------------+-------+-------------------+
[   17.784163] cloud-init[961]: ci-info: +++++++++++++++++++++++++++Route IPv4 info++++++++++++++++++++++++++++
[   17.784398] cloud-init[961]: ci-info: +-------+-------------+----------+---------------+-----------+-------+
[   17.784704] cloud-init[961]: ci-info: | Route | Destination | Gateway  |    Genmask    | Interface | Flags |
[   17.785000] cloud-init[961]: ci-info: +-------+-------------+----------+---------------+-----------+-------+
[   17.785271] cloud-init[961]: ci-info: |   0   |   0.0.0.0   | 10.0.2.2 |    0.0.0.0    |   enp0s3  |   UG  |
[   17.785514] cloud-init[961]: ci-info: |   1   |   10.0.2.0  | 0.0.0.0  | 255.255.255.0 |   enp0s3  |   U   |
[   17.785759] cloud-init[961]: ci-info: +-------+-------------+----------+---------------+-----------+-------+
[   17.786002] cloud-init[961]: Generating public/private rsa key pair.
[   17.786250] cloud-init[961]: Your identification has been saved in /etc/ssh/ssh_host_rsa_key.
[   17.786495] cloud-init[961]: Your public key has been saved in /etc/ssh/ssh_host_rsa_key.pub.
[   17.786755] cloud-init[961]: The key fingerprint is:
[[0;32m  OK  [0m] Started Initial cloud-init job (metadata service crawler).
[   17.787484] cloud-init[961]: SHA256:ozzvpJ+nD7jRpQfpZN+v41CkkEI181QuDdtzMYWUKpk root@ubuntu-xenial
[   18.282727] cloud-init[961]: The key's randomart image is:
[   18.283281] cloud-init[961]: +---[RSA 2048]----+
[   18.283524] cloud-init[961]: |      ..+ o...++.|
[   18.283753] cloud-init[961]: |     .   * *  oo |
[   18.283988] cloud-init[961]: |      . o +o*..  |
[[0;32m  OK  [0m] Reached target Network is Online.
[   18.284813] cloud-init[961]: |       . oE+.o   |
[   18.308298] cloud-init[961]: |        S o..    |
[   18.309916] cloud-init[961]: |     . B * o     |
[   18.311367] cloud-init[961]: |      * * + .    |
[   18.314100] cloud-init[961]: |       B +....   |
[   18.345507] cloud-init[961]: |      oo*+..oo.  |
[   18.346092] cloud-init[961]: +----[SHA256]-----+
[   18.346347] cloud-init[961]: Generating public/private dsa key pair.
[   18.346586] cloud-init[961]: Your identification has been saved in /etc/ssh/ssh_host_dsa_key.
[   18.346817] cloud-init[961]: Your public key has been saved in /etc/ssh/ssh_host_dsa_key.pub.
[   18.347080] cloud-init[961]: The key fingerprint is:
[   18.347310] cloud-init[961]: SHA256:GqKus98Y+AMWW2LhKfmiT+OIwn8C6Mf4LLOM8D0ZGnc root@ubuntu-xenial
[   18.347547] cloud-init[961]: The key's randomart image is:
[   18.347773] cloud-init[961]: +---[DSA 1024]----+
[   18.348101] cloud-init[961]: |                 |
[   18.348279] cloud-init[961]: | .               |
[   18.348539] cloud-init[961]: |..o              |
[   18.348760] cloud-init[961]: |o* .             |
[   18.349039] cloud-init[961]: |+.= . . S        |
         Starting iSCSI initiator daemon (iscsid)...
[   18.349108] cloud-init[961]: |+=o.o.Eo         |
[   18.379314] cloud-init[961]: |BoO+ +.          |
[   18.379564] cloud-init[961]: |O&+Xo.           |
[   18.379809] cloud-init[961]: |BO/==.           |
[   18.380104] cloud-init[961]: +----[SHA256]-----+
[   18.380304] cloud-init[961]: Generating public/private ecdsa key pair.
[   18.380545] cloud-init[961]: Your identification has been saved in /etc/ssh/ssh_host_ecdsa_key.
[   18.380786] cloud-init[961]: Your public key has been saved in /etc/ssh/ssh_host_ecdsa_key.pub.
[   18.381026] cloud-init[961]: The key fingerprint is:
[   18.381272] cloud-init[961]: SHA256:CgoGAFCiHwNw8k5/JFMiF6WsIrvbZVV7xkWR6li1dII root@ubuntu-xenial
[   18.381513] cloud-init[961]: The key's randomart image is:
[   18.381780] cloud-init[961]: +---[ECDSA 256]---+
[   18.382027] cloud-init[961]: |%.+ +oo    .oo   |
[   18.382273] cloud-init[961]: |o* + +    E.= .  |
[   18.382514] cloud-init[961]: |o = = . .  +.+   |
[   18.382751] cloud-init[961]: |.+ = + . oo..    |
[[   18.383004] [0;32m  OK  [0mcloud-init] [961]: Reached target System Initialization.|+.+ o o S++      |

[   18.383087] cloud-init[961]: |o+ . + ..o.      |
[   18.937566] cloud-init[961]: |. . o .          |
[   18.938215] [cloud-init[0;32m  OK  [0m[961]: ] | o o             |Listening on ACPID Listen Socket.

[[   18.939895] cloud-init[961]: |o..              |
[   19.002974] cloud-init[961]: +----[SHA256]-----+
[   19.003215] cloud-init[961]: Generating public/private ed25519 key pair.
[0;32m  OK  [0m] Started Daily Cleanup of Temporary Directories.
[   19.005612] cloud-init[961]: Your identification has been saved in /etc/ssh/ssh_host_ed25519_key.
[   19.160604] cloud-init[961]: Your public key has been saved in /etc/ssh/ssh_host_ed25519_key.pub.
[   19.161258] cloud-init[961]: The key fingerprint is:
         Starting LXD - unix socket.
[   19.163053] cloud-init[961]: SHA256:YsMMNy9XKMmeH8mMJLBPTSQGsVqYo2EsSPJohbyg/l8 root@ubuntu-xenial
[   19.208219] cloud-init[961]: The key's randomart image is:
[   19.208616] cloud-init[961]: +--[ED25519 256]--+
[[0;32m  OK  [0m] Started ACPI Events Check.
[   19.208960] cloud-init[961]: |o.=+o.o          |
[   19.225673] cloud-init[961]: |*B.= = . .       |
[[0;32m  OK  [0m] Reached target Paths.
[[   19.225854] cloud-init[961]: |@+* + O . .      |
[   19.268537] cloud-init[961]: |** o O O o       |
[0;32m  OK  [0m] Listening on UUID daemon activation socket.
[   19.268795] cloud-init[961]: |+   . @ S        |
[   19.360842] cloud-init[961]: | .   . * .       |
[   19.361392] cloud-init[961]: |  .    E.        |
[   19.363318] cloud-init[961]: |   .  .          |
         Starting Socket activation for snappy daemon.
[   19.364103] cloud-init[961]: |    ..           |
[   19.418755] cloud-init[961]: +----[SHA256]-----+
[[0;32m  OK  [0m] Started Daily apt download activities.
[[0;32m  OK  [0m] Started Daily apt upgrade and clean activities.
[[0;32m  OK  [0m] Reached target Timers.
[[0;32m  OK  [0m] Listening on D-Bus System Message Bus Socket.
[[0;32m  OK  [0m] Reached target Cloud-config availability.
[[0;32m  OK  [0m] Listening on LXD - unix socket.
[[0;32m  OK  [0m] Listening on Socket activation for snappy daemon.
[[0;32m  OK  [0m] Started iSCSI initiator daemon (iscsid).
         Starting Login to default iSCSI targets...
[[0;32m  OK  [0m] Reached target Sockets.
[[0;32m  OK  [0m] Reached target Basic System.
[[0;32m  OK  [0m] Started Regular background program processing daemon.
         Starting Login Service...
[[0;32m  OK  [0m] Started ACPI event daemon.
[[0;32m  OK  [0m] Started Unattended Upgrades Shutdown.
[[0;32m  OK  [0m] Started FUSE filesystem for LXC.
         Starting /etc/rc.local Compatibility...
         Starting LSB: MD monitoring daemon...
         Starting Virtualbox guest utils...
         Starting LSB: Record successful boot for GRUB...
[[0;32m  OK  [0m] Started Deferred execution scheduler.
         Starting Apply the settings specified in cloud-config...
         Starting Pollinate to seed the pseudo random number generator...
         Starting System Logging Service...
         Starting Snappy daemon...
         Starting Accounts Service...
         Starting LXD - container startup/shutdown...
[[0;32m  OK  [0m] Started D-Bus System Message Bus.
[[0;32m  OK  [0m] Started System Logging Service.
[[0;32m  OK  [0m] Started Snappy daemon.
[[0;32m  OK  [0m] Started /etc/rc.local Compatibility.
[[0;32m  OK  [0m] Started LXD - container startup/shutdown.
[[0;32m  OK  [0m] Started Login to default iSCSI targets.
         Starting Authenticate and Authorize Users to Run Privileged Tasks...
[[0;32m  OK  [0m] Reached target Remote File Systems (Pre).
[[0;32m  OK  [0m] Reached target Remote File Systems.
         Starting Permit User Sessions...
         Starting LSB: automatic crash report generation...
         Starting LSB: daemon to balance interrupts for SMP systems...
         Starting LSB: Set the CPU Frequency Scaling governor to "ondemand"...
         Starting Wait until snapd is fully seeded...
[[0;32m  OK  [0m] Started LSB: MD monitoring daemon.
[[0;32m  OK  [0m] Started LSB: Record successful boot for GRUB.
[[0;32m  OK  [0m] Started Permit User Sessions.
[[0;32m  OK  [0m] Started Login Service.
[[0;32m  OK  [0m] Started Authenticate and Authorize Users to Run Privileged Tasks.
[[0;32m  OK  [0m] Started Accounts Service.
         Starting Terminate Plymouth Boot Screen...
         Starting Hold until boot process finishes up...
[[0;32m  OK  [0m] Started Pollinate to seed the pseudo random number generator.
[[0;32m  OK  [0m] Started LSB: Set the CPU Frequency Scaling governor to "ondemand".
[[0;32m  OK  [0m] Started Hold until boot process finishes up.
[[0;32m  OK  [0m] Started LSB: automatic crash report generation.
[[0;32m  OK  [0m] Started Virtualbox guest utils.
[[0;32m  OK  [0m] Started Terminate Plymouth Boot Screen.
[[0;32m  OK  [0m] Started Getty on tty1.
         Starting Set console scheme...
[[0;32m  OK  [0m] Started Serial Getty on ttyS0.
[[0;32m  OK  [0m] Reached target Login Prompts.
         Starting OpenBSD Secure Shell server...
[[0;32m  OK  [0m] Started LSB: daemon to balance interrupts for SMP systems.
[[0;32m  OK  [0m] Started Set console scheme.
[[0;32m  OK  [0m] Started OpenBSD Secure Shell server.
[[0;32m  OK  [0m] Created slice User Slice of vagrant.
         Starting User Manager for UID 1000...
[[0;32m  OK  [0m] Started User Manager for UID 1000.
[[0;32m  OK  [0m] Started Wait until snapd is fully seeded.
[[0;32m  OK  [0m] Started Session 1 of user vagrant.
[[   21.298820] cloud-init[1093]: Generating locales (this might take a while)...
[0;32m  OK  [0m] Reached target Multi-User System.
[[0;32m  OK  [0m] Reached target Graphical Interface.
         Starting Update UTMP about System Runlevel Changes...
[[0;32m  OK  [0m] Started Update UTMP about System Runlevel Changes.
[   22.571400] cloud-init[1093]:   en_US.UTF-8... done
[   22.582018] cloud-init[1093]: Generation complete.
[   23.064974] cloud-init[1093]: Cloud-init v. 18.2 running 'modules:config' at Tue, 31 Jul 2018 14:03:38 +0000. Up 21.16 seconds.
[[0;32m  OK  [0m] Started Apply the settings specified in cloud-config.
         Starting Execute cloud user/final scripts...
         Stopping User Manager for UID 1000...
[[0;32m  OK  [0m] Stopped User Manager for UID 1000.
[[0;32m  OK  [0m] Removed slice User Slice of vagrant.
[[0;32m  OK  [0m] Created slice User Slice of vagrant.
         Starting User Manager for UID 1000...
[[0;32m  OK  [0m] Started Session 2 of user vagrant.
[[0;32m  OK  [0m] Started User Manager for UID 1000.
ci-info: no authorized ssh keys fingerprints found for user ubuntu.
<14>Jul 31 14:03:41 ec2: 
<14>Jul 31 14:03:41 ec2: #############################################################
<14>Jul 31 14:03:41 ec2: -----BEGIN SSH HOST KEY FINGERPRINTS-----
<14>Jul 31 14:03:41 ec2: 1024 SHA256:GqKus98Y+AMWW2LhKfmiT+OIwn8C6Mf4LLOM8D0ZGnc root@ubuntu-xenial (DSA)
<14>Jul 31 14:03:41 ec2: 256 SHA256:CgoGAFCiHwNw8k5/JFMiF6WsIrvbZVV7xkWR6li1dII root@ubuntu-xenial (ECDSA)
<14>Jul 31 14:03:41 ec2: 256 SHA256:YsMMNy9XKMmeH8mMJLBPTSQGsVqYo2EsSPJohbyg/l8 root@ubuntu-xenial (ED25519)
<14>Jul 31 14:03:41 ec2: 2048 SHA256:ozzvpJ+nD7jRpQfpZN+v41CkkEI181QuDdtzMYWUKpk root@ubuntu-xenial (RSA)
<14>Jul 31 14:03:41 ec2: -----END SSH HOST KEY FINGERPRINTS-----
<14>Jul 31 14:03:41 ec2: #############################################################
-----BEGIN SSH HOST KEY KEYS-----
ecdsa-sha2-nistp256 AAAAE2VjZHNhLXNoYTItbmlzdHAyNTYAAAAIbmlzdHAyNTYAAABBBLG6OPLayjGC6dIpk45u10TwpaJV4mNNylxVWzCAzr2Y93MEc59c8eyszHKNYQCw6orp/CdDJmWaXijBVDs4aJQ= root@ubuntu-xenial
ssh-ed25519 AAAAC3NzaC1lZDI1NTE5AAAAIPTiya7TqGhAe86DtjKnG0NnYKYmJz+FhpVQrJLQRQhd root@ubuntu-xenial
ssh-rsa AAAAB3NzaC1yc2EAAAADAQABAAABAQDH0FsZ/OzJulg6HAnoui5fVlIaQ8xeqpGDs5Xc0RzqlQo6d+LSzVvP+z2laNWbAlxxBNR7V3L6oPkUOjBcL35tNxZTI2G36+bIQqkhyZOzPKTfqpNkrlffMrFHZWhTAvXptfAc1jAL5h8qSyivumhVXZTePO/jGVvOO9xHWPuC6R2jt5rwITjw5PfWB8hkgAPZlNTPAz9EFFGY49X8cg+Rxdk6HZ0QmKjNoBoP5yX4RL0s7uqhykGPgPsrc0MuahBeyJ4jjrCz52nS8xg5Hdpam70VZbEtLnMDXlAcL2JlLL4FBas91h81HGtMjqA4Jz5joCCqgefs2Rs+ViUCLCzF root@ubuntu-xenial
-----END SSH HOST KEY KEYS-----
[   24.237785] cloud-init[1478]: Cloud-init v. 18.2 running 'modules:final' at Tue, 31 Jul 2018 14:03:41 +0000. Up 23.62 seconds.
[   24.312117] cloud-init[1478]: ci-info: no authorized ssh keys fingerprints found for user ubuntu.
[   24.312406] cloud-init[1478]: Cloud-init v. 18.2 finished at Tue, 31 Jul 2018 14:03:41 +0000. Datasource DataSourceNoCloud [seed=/dev/sdb][dsmode=net].  Up 24.22 seconds
[[0;32m  OK  [0m] Started Execute cloud user/final scripts.
[[0;32m  OK  [0m] Reached target Cloud-init target.

Ubuntu 16.04.4 LTS ubuntu-xenial ttyS0

ubuntu-xenial login: 